-- The C compiler identification is GNU 11.4.0
-- The CXX compiler identification is GNU 11.4.0
-- Detecting C compiler ABI info
-- Detecting C compiler ABI info - done
-- Check for working C compiler: /usr/bin/cc - skipped
-- Detecting C compile features
-- Detecting C compile features - done
-- Detecting CXX compiler ABI info
-- Detecting CXX compiler ABI info - done
-- Check for working CXX compiler: /usr/bin/c++ - skipped
-- Detecting CXX compile features
-- Detecting CXX compile features - done
-- Found ament_cmake: 1.3.12 (/opt/ros/humble/share/ament_cmake/cmake)
-- Found Python3: /usr/bin/python3 (found version "3.10.12") found components: Interpreter 
-- Found rclcpp: 16.0.15 (/opt/ros/humble/share/rclcpp/cmake)
-- Found rosidl_generator_c: 3.1.7 (/opt/ros/humble/share/rosidl_generator_c/cmake)
-- Found rosidl_adapter: 3.1.7 (/opt/ros/humble/share/rosidl_adapter/cmake)
-- Found rosidl_generator_cpp: 3.1.7 (/opt/ros/humble/share/rosidl_generator_cpp/cmake)
-- Using all available rosidl_typesupport_c: rosidl_typesupport_fastrtps_c;rosidl_typesupport_introspection_c
-- Using all available rosidl_typesupport_cpp: rosidl_typesupport_fastrtps_cpp;rosidl_typesupport_introspection_cpp
-- Found rmw_implementation_cmake: 6.1.2 (/opt/ros/humble/share/rmw_implementation_cmake/cmake)
-- Found rmw_fastrtps_cpp: 6.2.9 (/opt/ros/humble/share/rmw_fastrtps_cpp/cmake)
-- Found OpenSSL: /usr/lib/x86_64-linux-gnu/libcrypto.so (found version "3.0.2")  
-- Found FastRTPS: /opt/ros/humble/include  
-- Using RMW implementation 'rmw_fastrtps_cpp' as default
-- Looking for pthread.h
-- Looking for pthread.h - found
-- Performing Test CMAKE_HAVE_LIBC_PTHREAD
-- Performing Test CMAKE_HAVE_LIBC_PTHREAD - Success
-- Found Threads: TRUE  
-- Found ament_lint_auto: 0.12.14 (/opt/ros/humble/share/ament_lint_auto/cmake)
-- Added test 'cppcheck' to perform static code analysis on C / C++ code
-- Configured cppcheck include dirs: /home/naodai/Workspace/rotary/docking/docking_ws/src/clearpath_docking/include
-- Configured cppcheck exclude dirs and/or files: 
-- Added test 'flake8' to check Python code syntax and style conventions
-- Added test 'lint_cmake' to check CMake code style
-- Added test 'pep257' to check Python code against some of the docstring style conventions in PEP 257
-- Added test 'uncrustify' to check C / C++ code style
-- Configured uncrustify additional arguments: 
-- Added test 'xmllint' to check XML markup files
-- Configuring done
-- Generating done
-- Build files have been written to: /home/naodai/Workspace/rotary/docking/docking_ws/src/clearpath_docking/build/clearpath_docking
[ 50%] [32mBuilding CXX object CMakeFiles/clearpath_node.dir/src/clearpath_node.cpp.o[0m
[100%] [32m[1mLinking CXX executable clearpath_node[0m
/usr/bin/ld: CMakeFiles/clearpath_node.dir/src/clearpath_node.cpp.o: in function `main':
clearpath_node.cpp:(.text+0xc5): undefined reference to `clearpath_docking::ClearpathMotor::ClearpathMotor()'
/usr/bin/ld: clearpath_node.cpp:(.text+0xde): undefined reference to `clearpath_docking::ClearpathMotor::init(std::shared_ptr<rclcpp::Node> const&)'
/usr/bin/ld: clearpath_node.cpp:(.text+0x46a): undefined reference to `clearpath_docking::ClearpathMotor::~ClearpathMotor()'
/usr/bin/ld: clearpath_node.cpp:(.text+0x5c9): undefined reference to `clearpath_docking::ClearpathMotor::~ClearpathMotor()'
collect2: error: ld returned 1 exit status
gmake[2]: *** [CMakeFiles/clearpath_node.dir/build.make:151: clearpath_node] Error 1
gmake[1]: *** [CMakeFiles/Makefile2:137: CMakeFiles/clearpath_node.dir/all] Error 2
gmake: *** [Makefile:146: all] Error 2
